0 info it worked if it ends with ok
1 verbose cli [ 'node',
1 verbose cli   '/usr/local/bin/npm',
1 verbose cli   'install',
1 verbose cli   '--prefix',
1 verbose cli   '"./ch02/04_bundle-then-minify"' ]
2 info using npm@1.3.8
3 info using node@v0.10.18
4 error install Couldn't read dependencies
5 error Error: ENOENT, open '/Nico/Development/GitHub/buildfirst/"./ch02/04_bundle-then-minify"/package.json'
6 error If you need help, you may report this log at:
6 error     <http://github.com/isaacs/npm/issues>
6 error or email it to:
6 error     <npm-@googlegroups.com>
7 error System Darwin 11.4.2
8 error command "node" "/usr/local/bin/npm" "install" "--prefix" "\"./ch02/04_bundle-then-minify\""
9 error cwd /Nico/Development/GitHub/buildfirst
10 error node -v v0.10.18
11 error npm -v 1.3.8
12 error path /Nico/Development/GitHub/buildfirst/"./ch02/04_bundle-then-minify"/package.json
13 error code ENOENT
14 error errno 34
15 verbose exit [ 34, true ]
